<?xml version="1.0" encoding="UTF-8"?>
<!-- Generated by org.testng.reporters.JUnitReportReporter -->
<testsuite hostname="DESKTOP-71VTHM1" failures="0" tests="3" name="com.test.setDelvLoc" time="59.082" errors="0" timestamp="2022-08-10T23:35:51 IST" skipped="0">
  <testcase classname="com.test.setDelvLoc" name="testNavToSearchPage" time="31.417"/>
  <system-out/>
  <testcase classname="com.test.setDelvLoc" name="testRestaurantSrch" time="15.445"/>
  <system-out/>
  <testcase classname="com.test.setDelvLoc" name="testDishSrch" time="12.220"/>
  <system-out/>
</testsuite> <!-- com.test.setDelvLoc -->
