<?xml version="1.0" encoding="UTF-8"?>
<!-- Generated by org.testng.reporters.JUnitReportReporter -->
<testsuite hostname="DESKTOP-71VTHM1" failures="0" tests="3" name="com.test.setDelvLoc" time="43.716" errors="0" timestamp="2022-08-11T00:08:47 IST" skipped="0">
  <testcase classname="com.test.setDelvLoc" name="testDishSrch" time="11.613"/>
  <system-out/>
  <testcase classname="com.test.setDelvLoc" name="testNavToSearchPage" time="21.479"/>
  <system-out/>
  <testcase classname="com.test.setDelvLoc" name="testRestaurantSrch" time="10.624"/>
  <system-out/>
</testsuite> <!-- com.test.setDelvLoc -->
